<?xml version="1.0" encoding="UTF-8"?>
<!-- Generated by org.testng.reporters.JUnitReportReporter -->
<testsuite hostname="LAPTOP-C9K3ONF8" failures="0" tests="1" name="KiteTest.Test_class" time="4.987" errors="0" timestamp="2022-08-30T14:26:27 IST" skipped="0">
  <testcase classname="KiteTest.Test_class" name="verifyuserID" time="4.987"/>
  <system-out>
    <![CDATA[running verify user id]]>
  </system-out>
</testsuite> <!-- KiteTest.Test_class -->
